TN:
SF:Counter.js
FN:1,counter
FN:3,increment
FNF:2
FNH:2
FNDA:4,counter
FNDA:14,increment
DA:1,4
DA:2,4
DA:3,4
DA:4,14
DA:5,4
DA:6,4
DA:7,1
DA:8,1
DA:9,1
DA:10,1
DA:11,1
DA:12,1
DA:13,1
DA:14,1
DA:15,1
DA:16,1
DA:17,1
DA:18,1
DA:19,1
LF:19
LH:19
BRDA:1,0,0,4
BRDA:3,1,0,14
BRF:2
BRH:2
end_of_record
TN:
SF:HelloWorld.js
FN:1,createHelloWorld
FN:3,innerFunction
FNF:2
FNH:2
FNDA:5,createHelloWorld
FNDA:10,innerFunction
DA:1,5
DA:2,5
DA:3,5
DA:4,10
DA:5,10
DA:6,10
DA:7,5
DA:8,5
DA:9,5
DA:10,5
DA:11,1
DA:12,1
DA:13,1
DA:14,1
DA:15,1
DA:16,1
DA:17,1
LF:17
LH:17
BRDA:1,0,0,5
BRDA:3,1,0,10
BRF:2
BRH:2
end_of_record
