TN:
SF:ToBe-NotToBe.js
FN:1,expect
FN:3,toBe
FN:10,notToBe
FNF:3
FNH:3
FNDA:6,expect
FNDA:4,toBe
FNDA:2,notToBe
DA:1,1
DA:2,6
DA:3,6
DA:4,4
DA:5,3
DA:6,4
DA:7,1
DA:8,1
DA:9,6
DA:10,6
DA:11,2
DA:12,1
DA:13,1
DA:14,1
DA:15,1
DA:16,2
DA:17,6
DA:18,6
DA:19,1
DA:20,1
DA:21,1
DA:22,1
DA:23,1
DA:24,1
DA:25,1
DA:26,1
DA:27,1
DA:28,1
DA:29,1
DA:30,1
DA:31,1
DA:32,1
DA:33,1
DA:34,1
DA:35,1
DA:36,1
DA:37,1
DA:38,1
DA:39,1
DA:40,1
DA:41,1
DA:42,1
DA:43,1
DA:44,1
DA:45,1
DA:46,1
DA:47,1
DA:48,1
DA:49,1
DA:50,1
DA:51,1
DA:52,1
LF:52
LH:52
BRDA:1,0,0,6
BRDA:3,1,0,4
BRDA:4,2,0,3
BRDA:6,3,0,1
BRDA:10,4,0,2
BRDA:11,5,0,1
BRF:6
BRH:6
end_of_record
